Alloy_1
550    500    450    400    
Sample_1
4.637  4.77  4.783  4.809  4.845  4.921  5.137  5.164  5.459  
Sample_2
5.002  5.038  5.073  5.079  5.192  5.298  5.482  5.51  5.63  5.653  5.739  5.985  6.224  6.373  6.48  6.762  6.935  7.414  
Sample_3
5.369  5.599  5.618  5.629  5.803  5.829  5.903  6.078  6.343  6.445  6.633  6.77  7.103  7.211  7.232  7.441  7.454  7.632  
Sample_4
6.114  6.336  6.621  6.851  6.911  7.368  7.454  
Alloy_2
550    450    400    350    310    
Sample_1
3.968  4.342  4.375  4.436  4.484  
Sample_2
4.659  4.736  4.761  4.79  4.878  5.039  5.085  5.109  5.304  5.514  
Sample_3
4.486  5.34  5.437  5.476  5.536  5.659  5.944  6.568  6.63  6.653  
Sample_4
5.445  6.073  6.392  6.42  6.549  6.591  6.652  6.901  6.933  7.079  7.16  7.167  7.202  7.58  
Sample_5
5.384  6.072  6.541  6.549  6.575  6.666  6.981  7.832  7.88  7.883  7.906  7.945  7.989  


pcrit=223.991
nplus=92    137    231    262    197    
nnull=0    0    0    0    0    
nminus=408    363    269    238    303    
H0-   H0-   H0+   H0+   H0-   